Arguments: 
  /usr/local/bin/node /usr/local/Cellar/yarn/1.22.10/libexec/bin/yarn.js

PATH: 
  /Users/jeffmcdowell/.amplify/bin:/Users/jeffmcdowell/opt/anaconda3/bin:/usr/local/bin:/usr/bin:/bin:/usr/sbin:/sbin:/usr/local/go/bin:/Users/jeffmcdowell/.amplify/bin:/Users/jeffmcdowell/opt/anaconda3/bin

Yarn version: 
  1.22.10

Node version: 
  14.15.1

Platform: 
  darwin x64

Trace: 
  SyntaxError: /Users/jeffmcdowell/react-email-signature-builder/package.json: Unexpected token } in JSON at position 893
      at JSON.parse (<anonymous>)
      at /usr/local/Cellar/yarn/1.22.10/libexec/lib/cli.js:1625:59
      at Generator.next (<anonymous>)
      at step (/usr/local/Cellar/yarn/1.22.10/libexec/lib/cli.js:310:30)
      at /usr/local/Cellar/yarn/1.22.10/libexec/lib/cli.js:321:13

npm manifest: 
  {
    "name": "signature-generator",
    "version": "1.0.0",
    "description": "",
    "main": "index.js",
    "homepage": "https://codyrose.co/react-email-signature-builder",
    "scripts": {
      "start": "react-scripts start",
      "predeploy": "npm run build",
      "deploy": "gh-pages -d build",
      "build": "react-scripts build",
      "test": "react-scripts test --env=jsdom",
      "eject": "react-scripts eject"
    },
    "babel": {
      "presets": [
        "@babel/preset-env",
        "@babel/preset-react"
      ],
      "plugins": [
        "@babel/plugin-proposal-class-properties"
      ]
    },
    "author": "",
    "license": "ISC",
    "devDependencies": {
      "@babel/core": "^7.4.5",
      "@babel/plugin-proposal-class-properties": "^7.5.0",
      "@babel/preset-env": "^7.4.5",
      "@babel/preset-react": "^7.0.0",
      "html-webpack-plugin": "^3.2.0",
      "prop-types": "^15.7.2",
      "react-scripts": "^3.0.1",
    },
    "dependencies": {
      "@types/node": "^12.12.11",
      "@types/react": "^16.9.11",
      "@types/react-color": "^3.0.1",
      "@types/react-dom": "^16.9.4",
      "@types/styled-components": "^4.4.0",
      "gh-pages": "^2.0.1",
      "react": "^16.8.6",
      "react-color": "^2.17.3",
      "react-dom": "^16.8.6",
      "styled-components": "^4.3.2",
      "typescript": "^3.7.2"
    },
    "browserslist": {
      "production": [
        ">0.2%",
        "not dead",
        "not op_mini all"
      ],
      "development": [
        "last 1 chrome version",
        "last 1 firefox version",
        "last 1 safari version"
      ]
    }
  }

yarn manifest: 
  No manifest

Lockfile: 
  No lockfile
